/*C4*/SET SCHEMA PUBLIC
DISCONNECT
/*C5*/SET SCHEMA PUBLIC
DISCONNECT
/*C7*/SET SCHEMA PUBLIC
DISCONNECT
/*C6*/SET SCHEMA PUBLIC
DELETE FROM GAMETIMES WHERE GAMETYPE='swimming' AND TIMES=0
INSERT INTO GAMETIMES VALUES('swimming',1)
COMMIT
/*C11*/SET SCHEMA PUBLIC
DISCONNECT
/*C13*/SET SCHEMA PUBLIC
DISCONNECT
/*C12*/SET SCHEMA PUBLIC
DELETE FROM GAMETIMES WHERE GAMETYPE='swimming' AND TIMES=1
INSERT INTO GAMETIMES VALUES('swimming',2)
COMMIT
/*C18*/SET SCHEMA PUBLIC
DISCONNECT
/*C17*/SET SCHEMA PUBLIC
DELETE FROM GAMETIMES WHERE GAMETYPE='swimming' AND TIMES=2
INSERT INTO GAMETIMES VALUES('swimming',3)
COMMIT
/*C23*/SET SCHEMA PUBLIC
DISCONNECT
/*C22*/SET SCHEMA PUBLIC
DELETE FROM GAMETIMES WHERE GAMETYPE='swimming' AND TIMES=3
INSERT INTO GAMETIMES VALUES('swimming',4)
COMMIT
